2021-12-16 07:57:56 INFO  ProjectStartupHandler.runActivity(74) - ---------- Project opened ----------
2021-12-16 07:57:56 INFO  ProjectStartupHandler.runActivity(75) - ---------- Version 3.55 ----------

2021-12-16 07:57:56 INFO  ProjectStartupHandler.setAutoscrolls(346) - Autoscrolls successfully set
2021-12-16 07:57:56 INFO  ApacheHttpClient.isSessionAppropriateWithSecretKey(589) - The session is not set in the property file.
2021-12-16 07:57:56 INFO  ApacheHttpClient.login(250) - Waiting for server response.
2021-12-16 07:57:56 INFO  ApacheHttpClient.login(254) - responseCode = 200
2021-12-16 07:57:56 INFO  ApacheHttpClient.login(277) - JSESSIONID OK
2021-12-16 07:57:56 INFO  ApacheHttpClient.refreshUserInfo(305) - responseCode = 200
2021-12-16 07:57:56 INFO  ApacheHttpClient.refreshUserInfo(311) - User information received.
2021-12-16 07:57:56 INFO  ApacheHttpClient.startGA(36) - GAService started.
2021-12-16 07:58:19 INFO  ApacheHttpClient.getWebResourceAsStream(502) - responseCode = 200
2021-12-16 07:58:19 WARN  PluginUtil.getCurrentTask(78) - Error while retrieving the task key.
java.lang.StringIndexOutOfBoundsException: String index out of range: -1
	at java.base/java.lang.String.substring(String.java:1837)
	at com.homework.plugin.PluginUtil.getCurrentVirtualFile(PluginUtil.java:158)
	at com.homework.plugin.PluginUtil.getCurrentTask(PluginUtil.java:69)
	at com.homework.plugin.button.ValidateButton.actionPerformed(ValidateButton.java:57)
	at com.intellij.openapi.actionSystem.impl.ActionButton.actionPerformed(ActionButton.java:171)
	at com.intellij.openapi.actionSystem.impl.ActionButton.lambda$performAction$0(ActionButton.java:150)
	at com.intellij.openapi.actionSystem.ex.ActionUtil.performDumbAwareWithCallbacks(ActionUtil.java:261)
	at com.intellij.openapi.actionSystem.impl.ActionButton.performAction(ActionButton.java:150)
	at com.intellij.openapi.actionSystem.impl.ActionButton.processMouseEvent(ActionButton.java:427)
	at java.desktop/java.awt.Component.processEvent(Component.java:6417)
	at java.desktop/java.awt.Container.processEvent(Container.java:2263)
	at java.desktop/java.awt.Component.dispatchEventImpl(Component.java:5027)
	at java.desktop/java.awt.Container.dispatchEventImpl(Container.java:2321)
	at java.desktop/java.awt.Component.dispatchEvent(Component.java:4859)
	at java.desktop/java.awt.LightweightDispatcher.retargetMouseEvent(Container.java:4918)
	at java.desktop/java.awt.LightweightDispatcher.processMouseEvent(Container.java:4547)
	at java.desktop/java.awt.LightweightDispatcher.dispatchEvent(Container.java:4488)
	at java.desktop/java.awt.Container.dispatchEventImpl(Container.java:2307)
	at java.desktop/java.awt.Window.dispatchEventImpl(Window.java:2784)
	at java.desktop/java.awt.Component.dispatchEvent(Component.java:4859)
	at java.desktop/java.awt.EventQueue.dispatchEventImpl(EventQueue.java:778)
	at java.desktop/java.awt.EventQueue$4.run(EventQueue.java:727)
	at java.desktop/java.awt.EventQueue$4.run(EventQueue.java:721)
	at java.base/java.security.AccessController.doPrivileged(Native Method)
	at java.base/java.security.ProtectionDomain$JavaSecurityAccessImpl.doIntersectionPrivilege(ProtectionDomain.java:85)
	at java.base/java.security.ProtectionDomain$JavaSecurityAccessImpl.doIntersectionPrivilege(ProtectionDomain.java:95)
	at java.desktop/java.awt.EventQueue$5.run(EventQueue.java:751)
	at java.desktop/java.awt.EventQueue$5.run(EventQueue.java:749)
	at java.base/java.security.AccessController.doPrivileged(Native Method)
	at java.base/java.security.ProtectionDomain$JavaSecurityAccessImpl.doIntersectionPrivilege(ProtectionDomain.java:85)
	at java.desktop/java.awt.EventQueue.dispatchEvent(EventQueue.java:748)
	at com.intellij.ide.IdeEventQueue.defaultDispatchEvent(IdeEventQueue.java:886)
	at com.intellij.ide.IdeEventQueue.dispatchMouseEvent(IdeEventQueue.java:815)
	at com.intellij.ide.IdeEventQueue._dispatchEvent(IdeEventQueue.java:752)
	at com.intellij.ide.IdeEventQueue.lambda$dispatchEvent$7(IdeEventQueue.java:442)
	at com.intellij.openapi.progress.impl.CoreProgressManager.computePrioritized(CoreProgressManager.java:825)
	at com.intellij.ide.IdeEventQueue.lambda$dispatchEvent$8(IdeEventQueue.java:441)
	at com.intellij.openapi.application.impl.ApplicationImpl.runIntendedWriteActionOnCurrentThread(ApplicationImpl.java:794)
	at com.intellij.ide.IdeEventQueue.dispatchEvent(IdeEventQueue.java:493)
	at java.desktop/java.awt.EventDispatchThread.pumpOneEventForFilters(EventDispatchThread.java:203)
	at java.desktop/java.awt.EventDispatchThread.pumpEventsForFilter(EventDispatchThread.java:124)
	at java.desktop/java.awt.EventDispatchThread.pumpEventsForHierarchy(EventDispatchThread.java:113)
	at java.desktop/java.awt.EventDispatchThread.pumpEvents(EventDispatchThread.java:109)
	at java.desktop/java.awt.EventDispatchThread.pumpEvents(EventDispatchThread.java:101)
	at java.desktop/java.awt.EventDispatchThread.run(EventDispatchThread.java:90)
2021-12-16 07:58:19 WARN  PluginUtil.getCurrentDirectory(109) - Error while getting the current directory.
java.lang.StringIndexOutOfBoundsException: String index out of range: -1
	at java.base/java.lang.String.substring(String.java:1837)
	at com.homework.plugin.PluginUtil.getCurrentVirtualFile(PluginUtil.java:158)
	at com.homework.plugin.PluginUtil.getCurrentDirectory(PluginUtil.java:107)
	at com.homework.plugin.button.ValidateButton.actionPerformed(ValidateButton.java:62)
	at com.intellij.openapi.actionSystem.impl.ActionButton.actionPerformed(ActionButton.java:171)
	at com.intellij.openapi.actionSystem.impl.ActionButton.lambda$performAction$0(ActionButton.java:150)
	at com.intellij.openapi.actionSystem.ex.ActionUtil.performDumbAwareWithCallbacks(ActionUtil.java:261)
	at com.intellij.openapi.actionSystem.impl.ActionButton.performAction(ActionButton.java:150)
	at com.intellij.openapi.actionSystem.impl.ActionButton.processMouseEvent(ActionButton.java:427)
	at java.desktop/java.awt.Component.processEvent(Component.java:6417)
	at java.desktop/java.awt.Container.processEvent(Container.java:2263)
	at java.desktop/java.awt.Component.dispatchEventImpl(Component.java:5027)
	at java.desktop/java.awt.Container.dispatchEventImpl(Container.java:2321)
	at java.desktop/java.awt.Component.dispatchEvent(Component.java:4859)
	at java.desktop/java.awt.LightweightDispatcher.retargetMouseEvent(Container.java:4918)
	at java.desktop/java.awt.LightweightDispatcher.processMouseEvent(Container.java:4547)
	at java.desktop/java.awt.LightweightDispatcher.dispatchEvent(Container.java:4488)
	at java.desktop/java.awt.Container.dispatchEventImpl(Container.java:2307)
	at java.desktop/java.awt.Window.dispatchEventImpl(Window.java:2784)
	at java.desktop/java.awt.Component.dispatchEvent(Component.java:4859)
	at java.desktop/java.awt.EventQueue.dispatchEventImpl(EventQueue.java:778)
	at java.desktop/java.awt.EventQueue$4.run(EventQueue.java:727)
	at java.desktop/java.awt.EventQueue$4.run(EventQueue.java:721)
	at java.base/java.security.AccessController.doPrivileged(Native Method)
	at java.base/java.security.ProtectionDomain$JavaSecurityAccessImpl.doIntersectionPrivilege(ProtectionDomain.java:85)
	at java.base/java.security.ProtectionDomain$JavaSecurityAccessImpl.doIntersectionPrivilege(ProtectionDomain.java:95)
	at java.desktop/java.awt.EventQueue$5.run(EventQueue.java:751)
	at java.desktop/java.awt.EventQueue$5.run(EventQueue.java:749)
	at java.base/java.security.AccessController.doPrivileged(Native Method)
	at java.base/java.security.ProtectionDomain$JavaSecurityAccessImpl.doIntersectionPrivilege(ProtectionDomain.java:85)
	at java.desktop/java.awt.EventQueue.dispatchEvent(EventQueue.java:748)
	at com.intellij.ide.IdeEventQueue.defaultDispatchEvent(IdeEventQueue.java:886)
	at com.intellij.ide.IdeEventQueue.dispatchMouseEvent(IdeEventQueue.java:815)
	at com.intellij.ide.IdeEventQueue._dispatchEvent(IdeEventQueue.java:752)
	at com.intellij.ide.IdeEventQueue.lambda$dispatchEvent$7(IdeEventQueue.java:442)
	at com.intellij.openapi.progress.impl.CoreProgressManager.computePrioritized(CoreProgressManager.java:825)
	at com.intellij.ide.IdeEventQueue.lambda$dispatchEvent$8(IdeEventQueue.java:441)
	at com.intellij.openapi.application.impl.ApplicationImpl.runIntendedWriteActionOnCurrentThread(ApplicationImpl.java:794)
	at com.intellij.ide.IdeEventQueue.dispatchEvent(IdeEventQueue.java:493)
	at java.desktop/java.awt.EventDispatchThread.pumpOneEventForFilters(EventDispatchThread.java:203)
	at java.desktop/java.awt.EventDispatchThread.pumpEventsForFilter(EventDispatchThread.java:124)
	at java.desktop/java.awt.EventDispatchThread.pumpEventsForHierarchy(EventDispatchThread.java:113)
	at java.desktop/java.awt.EventDispatchThread.pumpEvents(EventDispatchThread.java:109)
	at java.desktop/java.awt.EventDispatchThread.pumpEvents(EventDispatchThread.java:101)
	at java.desktop/java.awt.EventDispatchThread.run(EventDispatchThread.java:90)
2021-12-16 07:58:19 ERROR ValidateButton.actionPerformed(108) - No task selected!
java.lang.NullPointerException
	at java.base/java.io.File.<init>(File.java:278)
	at com.homework.plugin.button.ValidateButton.actionPerformed(ValidateButton.java:65)
	at com.intellij.openapi.actionSystem.impl.ActionButton.actionPerformed(ActionButton.java:171)
	at com.intellij.openapi.actionSystem.impl.ActionButton.lambda$performAction$0(ActionButton.java:150)
	at com.intellij.openapi.actionSystem.ex.ActionUtil.performDumbAwareWithCallbacks(ActionUtil.java:261)
	at com.intellij.openapi.actionSystem.impl.ActionButton.performAction(ActionButton.java:150)
	at com.intellij.openapi.actionSystem.impl.ActionButton.processMouseEvent(ActionButton.java:427)
	at java.desktop/java.awt.Component.processEvent(Component.java:6417)
	at java.desktop/java.awt.Container.processEvent(Container.java:2263)
	at java.desktop/java.awt.Component.dispatchEventImpl(Component.java:5027)
	at java.desktop/java.awt.Container.dispatchEventImpl(Container.java:2321)
	at java.desktop/java.awt.Component.dispatchEvent(Component.java:4859)
	at java.desktop/java.awt.LightweightDispatcher.retargetMouseEvent(Container.java:4918)
	at java.desktop/java.awt.LightweightDispatcher.processMouseEvent(Container.java:4547)
	at java.desktop/java.awt.LightweightDispatcher.dispatchEvent(Container.java:4488)
	at java.desktop/java.awt.Container.dispatchEventImpl(Container.java:2307)
	at java.desktop/java.awt.Window.dispatchEventImpl(Window.java:2784)
	at java.desktop/java.awt.Component.dispatchEvent(Component.java:4859)
	at java.desktop/java.awt.EventQueue.dispatchEventImpl(EventQueue.java:778)
	at java.desktop/java.awt.EventQueue$4.run(EventQueue.java:727)
	at java.desktop/java.awt.EventQueue$4.run(EventQueue.java:721)
	at java.base/java.security.AccessController.doPrivileged(Native Method)
	at java.base/java.security.ProtectionDomain$JavaSecurityAccessImpl.doIntersectionPrivilege(ProtectionDomain.java:85)
	at java.base/java.security.ProtectionDomain$JavaSecurityAccessImpl.doIntersectionPrivilege(ProtectionDomain.java:95)
	at java.desktop/java.awt.EventQueue$5.run(EventQueue.java:751)
	at java.desktop/java.awt.EventQueue$5.run(EventQueue.java:749)
	at java.base/java.security.AccessController.doPrivileged(Native Method)
	at java.base/java.security.ProtectionDomain$JavaSecurityAccessImpl.doIntersectionPrivilege(ProtectionDomain.java:85)
	at java.desktop/java.awt.EventQueue.dispatchEvent(EventQueue.java:748)
	at com.intellij.ide.IdeEventQueue.defaultDispatchEvent(IdeEventQueue.java:886)
	at com.intellij.ide.IdeEventQueue.dispatchMouseEvent(IdeEventQueue.java:815)
	at com.intellij.ide.IdeEventQueue._dispatchEvent(IdeEventQueue.java:752)
	at com.intellij.ide.IdeEventQueue.lambda$dispatchEvent$7(IdeEventQueue.java:442)
	at com.intellij.openapi.progress.impl.CoreProgressManager.computePrioritized(CoreProgressManager.java:825)
	at com.intellij.ide.IdeEventQueue.lambda$dispatchEvent$8(IdeEventQueue.java:441)
	at com.intellij.openapi.application.impl.ApplicationImpl.runIntendedWriteActionOnCurrentThread(ApplicationImpl.java:794)
	at com.intellij.ide.IdeEventQueue.dispatchEvent(IdeEventQueue.java:493)
	at java.desktop/java.awt.EventDispatchThread.pumpOneEventForFilters(EventDispatchThread.java:203)
	at java.desktop/java.awt.EventDispatchThread.pumpEventsForFilter(EventDispatchThread.java:124)
	at java.desktop/java.awt.EventDispatchThread.pumpEventsForHierarchy(EventDispatchThread.java:113)
	at java.desktop/java.awt.EventDispatchThread.pumpEvents(EventDispatchThread.java:109)
	at java.desktop/java.awt.EventDispatchThread.pumpEvents(EventDispatchThread.java:101)
	at java.desktop/java.awt.EventDispatchThread.run(EventDispatchThread.java:90)
2021-12-16 07:58:21 INFO  ApacheHttpClient.getWebResourceAsStream(502) - responseCode = 200
2021-12-16 07:58:23 INFO  ApacheHttpClient.getFilteredTasks(336) - responseCode = 200
2021-12-16 07:58:35 INFO  ApacheHttpClient.getFilteredTasks(336) - responseCode = 200
2021-12-16 07:58:39 INFO  ApacheHttpClient.getFilteredTasks(336) - responseCode = 200
2021-12-16 07:58:43 INFO  ApacheHttpClient.getWebResourceAsStream(502) - responseCode = 200
2021-12-16 07:58:43 WARN  PluginUtil.getCurrentTask(78) - Error while retrieving the task key.
java.lang.StringIndexOutOfBoundsException: String index out of range: -1
	at java.base/java.lang.String.substring(String.java:1837)
	at com.homework.plugin.PluginUtil.getCurrentVirtualFile(PluginUtil.java:158)
	at com.homework.plugin.PluginUtil.getCurrentTask(PluginUtil.java:69)
	at com.homework.plugin.button.ValidateButton.actionPerformed(ValidateButton.java:57)
	at com.intellij.openapi.actionSystem.impl.ActionButton.actionPerformed(ActionButton.java:171)
	at com.intellij.openapi.actionSystem.impl.ActionButton.lambda$performAction$0(ActionButton.java:150)
	at com.intellij.openapi.actionSystem.ex.ActionUtil.performDumbAwareWithCallbacks(ActionUtil.java:261)
	at com.intellij.openapi.actionSystem.impl.ActionButton.performAction(ActionButton.java:150)
	at com.intellij.openapi.actionSystem.impl.ActionButton.processMouseEvent(ActionButton.java:427)
	at java.desktop/java.awt.Component.processEvent(Component.java:6417)
	at java.desktop/java.awt.Container.processEvent(Container.java:2263)
	at java.desktop/java.awt.Component.dispatchEventImpl(Component.java:5027)
	at java.desktop/java.awt.Container.dispatchEventImpl(Container.java:2321)
	at java.desktop/java.awt.Component.dispatchEvent(Component.java:4859)
	at java.desktop/java.awt.LightweightDispatcher.retargetMouseEvent(Container.java:4918)
	at java.desktop/java.awt.LightweightDispatcher.processMouseEvent(Container.java:4547)
	at java.desktop/java.awt.LightweightDispatcher.dispatchEvent(Container.java:4488)
	at java.desktop/java.awt.Container.dispatchEventImpl(Container.java:2307)
	at java.desktop/java.awt.Window.dispatchEventImpl(Window.java:2784)
	at java.desktop/java.awt.Component.dispatchEvent(Component.java:4859)
	at java.desktop/java.awt.EventQueue.dispatchEventImpl(EventQueue.java:778)
	at java.desktop/java.awt.EventQueue$4.run(EventQueue.java:727)
	at java.desktop/java.awt.EventQueue$4.run(EventQueue.java:721)
	at java.base/java.security.AccessController.doPrivileged(Native Method)
	at java.base/java.security.ProtectionDomain$JavaSecurityAccessImpl.doIntersectionPrivilege(ProtectionDomain.java:85)
	at java.base/java.security.ProtectionDomain$JavaSecurityAccessImpl.doIntersectionPrivilege(ProtectionDomain.java:95)
	at java.desktop/java.awt.EventQueue$5.run(EventQueue.java:751)
	at java.desktop/java.awt.EventQueue$5.run(EventQueue.java:749)
	at java.base/java.security.AccessController.doPrivileged(Native Method)
	at java.base/java.security.ProtectionDomain$JavaSecurityAccessImpl.doIntersectionPrivilege(ProtectionDomain.java:85)
	at java.desktop/java.awt.EventQueue.dispatchEvent(EventQueue.java:748)
	at com.intellij.ide.IdeEventQueue.defaultDispatchEvent(IdeEventQueue.java:886)
	at com.intellij.ide.IdeEventQueue.dispatchMouseEvent(IdeEventQueue.java:815)
	at com.intellij.ide.IdeEventQueue._dispatchEvent(IdeEventQueue.java:752)
	at com.intellij.ide.IdeEventQueue.lambda$dispatchEvent$7(IdeEventQueue.java:442)
	at com.intellij.openapi.progress.impl.CoreProgressManager.computePrioritized(CoreProgressManager.java:825)
	at com.intellij.ide.IdeEventQueue.lambda$dispatchEvent$8(IdeEventQueue.java:441)
	at com.intellij.openapi.application.impl.ApplicationImpl.runIntendedWriteActionOnCurrentThread(ApplicationImpl.java:794)
	at com.intellij.ide.IdeEventQueue.dispatchEvent(IdeEventQueue.java:493)
	at java.desktop/java.awt.EventDispatchThread.pumpOneEventForFilters(EventDispatchThread.java:203)
	at java.desktop/java.awt.EventDispatchThread.pumpEventsForFilter(EventDispatchThread.java:124)
	at java.desktop/java.awt.EventDispatchThread.pumpEventsForHierarchy(EventDispatchThread.java:113)
	at java.desktop/java.awt.EventDispatchThread.pumpEvents(EventDispatchThread.java:109)
	at java.desktop/java.awt.EventDispatchThread.pumpEvents(EventDispatchThread.java:101)
	at java.desktop/java.awt.EventDispatchThread.run(EventDispatchThread.java:90)
2021-12-16 07:58:43 WARN  PluginUtil.getCurrentDirectory(109) - Error while getting the current directory.
java.lang.StringIndexOutOfBoundsException: String index out of range: -1
	at java.base/java.lang.String.substring(String.java:1837)
	at com.homework.plugin.PluginUtil.getCurrentVirtualFile(PluginUtil.java:158)
	at com.homework.plugin.PluginUtil.getCurrentDirectory(PluginUtil.java:107)
	at com.homework.plugin.button.ValidateButton.actionPerformed(ValidateButton.java:62)
	at com.intellij.openapi.actionSystem.impl.ActionButton.actionPerformed(ActionButton.java:171)
	at com.intellij.openapi.actionSystem.impl.ActionButton.lambda$performAction$0(ActionButton.java:150)
	at com.intellij.openapi.actionSystem.ex.ActionUtil.performDumbAwareWithCallbacks(ActionUtil.java:261)
	at com.intellij.openapi.actionSystem.impl.ActionButton.performAction(ActionButton.java:150)
	at com.intellij.openapi.actionSystem.impl.ActionButton.processMouseEvent(ActionButton.java:427)
	at java.desktop/java.awt.Component.processEvent(Component.java:6417)
	at java.desktop/java.awt.Container.processEvent(Container.java:2263)
	at java.desktop/java.awt.Component.dispatchEventImpl(Component.java:5027)
	at java.desktop/java.awt.Container.dispatchEventImpl(Container.java:2321)
	at java.desktop/java.awt.Component.dispatchEvent(Component.java:4859)
	at java.desktop/java.awt.LightweightDispatcher.retargetMouseEvent(Container.java:4918)
	at java.desktop/java.awt.LightweightDispatcher.processMouseEvent(Container.java:4547)
	at java.desktop/java.awt.LightweightDispatcher.dispatchEvent(Container.java:4488)
	at java.desktop/java.awt.Container.dispatchEventImpl(Container.java:2307)
	at java.desktop/java.awt.Window.dispatchEventImpl(Window.java:2784)
	at java.desktop/java.awt.Component.dispatchEvent(Component.java:4859)
	at java.desktop/java.awt.EventQueue.dispatchEventImpl(EventQueue.java:778)
	at java.desktop/java.awt.EventQueue$4.run(EventQueue.java:727)
	at java.desktop/java.awt.EventQueue$4.run(EventQueue.java:721)
	at java.base/java.security.AccessController.doPrivileged(Native Method)
	at java.base/java.security.ProtectionDomain$JavaSecurityAccessImpl.doIntersectionPrivilege(ProtectionDomain.java:85)
	at java.base/java.security.ProtectionDomain$JavaSecurityAccessImpl.doIntersectionPrivilege(ProtectionDomain.java:95)
	at java.desktop/java.awt.EventQueue$5.run(EventQueue.java:751)
	at java.desktop/java.awt.EventQueue$5.run(EventQueue.java:749)
	at java.base/java.security.AccessController.doPrivileged(Native Method)
	at java.base/java.security.ProtectionDomain$JavaSecurityAccessImpl.doIntersectionPrivilege(ProtectionDomain.java:85)
	at java.desktop/java.awt.EventQueue.dispatchEvent(EventQueue.java:748)
	at com.intellij.ide.IdeEventQueue.defaultDispatchEvent(IdeEventQueue.java:886)
	at com.intellij.ide.IdeEventQueue.dispatchMouseEvent(IdeEventQueue.java:815)
	at com.intellij.ide.IdeEventQueue._dispatchEvent(IdeEventQueue.java:752)
	at com.intellij.ide.IdeEventQueue.lambda$dispatchEvent$7(IdeEventQueue.java:442)
	at com.intellij.openapi.progress.impl.CoreProgressManager.computePrioritized(CoreProgressManager.java:825)
	at com.intellij.ide.IdeEventQueue.lambda$dispatchEvent$8(IdeEventQueue.java:441)
	at com.intellij.openapi.application.impl.ApplicationImpl.runIntendedWriteActionOnCurrentThread(ApplicationImpl.java:794)
	at com.intellij.ide.IdeEventQueue.dispatchEvent(IdeEventQueue.java:493)
	at java.desktop/java.awt.EventDispatchThread.pumpOneEventForFilters(EventDispatchThread.java:203)
	at java.desktop/java.awt.EventDispatchThread.pumpEventsForFilter(EventDispatchThread.java:124)
	at java.desktop/java.awt.EventDispatchThread.pumpEventsForHierarchy(EventDispatchThread.java:113)
	at java.desktop/java.awt.EventDispatchThread.pumpEvents(EventDispatchThread.java:109)
	at java.desktop/java.awt.EventDispatchThread.pumpEvents(EventDispatchThread.java:101)
	at java.desktop/java.awt.EventDispatchThread.run(EventDispatchThread.java:90)
2021-12-16 07:58:43 ERROR ValidateButton.actionPerformed(108) - No task selected!
java.lang.NullPointerException
	at java.base/java.io.File.<init>(File.java:278)
	at com.homework.plugin.button.ValidateButton.actionPerformed(ValidateButton.java:65)
	at com.intellij.openapi.actionSystem.impl.ActionButton.actionPerformed(ActionButton.java:171)
	at com.intellij.openapi.actionSystem.impl.ActionButton.lambda$performAction$0(ActionButton.java:150)
	at com.intellij.openapi.actionSystem.ex.ActionUtil.performDumbAwareWithCallbacks(ActionUtil.java:261)
	at com.intellij.openapi.actionSystem.impl.ActionButton.performAction(ActionButton.java:150)
	at com.intellij.openapi.actionSystem.impl.ActionButton.processMouseEvent(ActionButton.java:427)
	at java.desktop/java.awt.Component.processEvent(Component.java:6417)
	at java.desktop/java.awt.Container.processEvent(Container.java:2263)
	at java.desktop/java.awt.Component.dispatchEventImpl(Component.java:5027)
	at java.desktop/java.awt.Container.dispatchEventImpl(Container.java:2321)
	at java.desktop/java.awt.Component.dispatchEvent(Component.java:4859)
	at java.desktop/java.awt.LightweightDispatcher.retargetMouseEvent(Container.java:4918)
	at java.desktop/java.awt.LightweightDispatcher.processMouseEvent(Container.java:4547)
	at java.desktop/java.awt.LightweightDispatcher.dispatchEvent(Container.java:4488)
	at java.desktop/java.awt.Container.dispatchEventImpl(Container.java:2307)
	at java.desktop/java.awt.Window.dispatchEventImpl(Window.java:2784)
	at java.desktop/java.awt.Component.dispatchEvent(Component.java:4859)
	at java.desktop/java.awt.EventQueue.dispatchEventImpl(EventQueue.java:778)
	at java.desktop/java.awt.EventQueue$4.run(EventQueue.java:727)
	at java.desktop/java.awt.EventQueue$4.run(EventQueue.java:721)
	at java.base/java.security.AccessController.doPrivileged(Native Method)
	at java.base/java.security.ProtectionDomain$JavaSecurityAccessImpl.doIntersectionPrivilege(ProtectionDomain.java:85)
	at java.base/java.security.ProtectionDomain$JavaSecurityAccessImpl.doIntersectionPrivilege(ProtectionDomain.java:95)
	at java.desktop/java.awt.EventQueue$5.run(EventQueue.java:751)
	at java.desktop/java.awt.EventQueue$5.run(EventQueue.java:749)
	at java.base/java.security.AccessController.doPrivileged(Native Method)
	at java.base/java.security.ProtectionDomain$JavaSecurityAccessImpl.doIntersectionPrivilege(ProtectionDomain.java:85)
	at java.desktop/java.awt.EventQueue.dispatchEvent(EventQueue.java:748)
	at com.intellij.ide.IdeEventQueue.defaultDispatchEvent(IdeEventQueue.java:886)
	at com.intellij.ide.IdeEventQueue.dispatchMouseEvent(IdeEventQueue.java:815)
	at com.intellij.ide.IdeEventQueue._dispatchEvent(IdeEventQueue.java:752)
	at com.intellij.ide.IdeEventQueue.lambda$dispatchEvent$7(IdeEventQueue.java:442)
	at com.intellij.openapi.progress.impl.CoreProgressManager.computePrioritized(CoreProgressManager.java:825)
	at com.intellij.ide.IdeEventQueue.lambda$dispatchEvent$8(IdeEventQueue.java:441)
	at com.intellij.openapi.application.impl.ApplicationImpl.runIntendedWriteActionOnCurrentThread(ApplicationImpl.java:794)
	at com.intellij.ide.IdeEventQueue.dispatchEvent(IdeEventQueue.java:493)
	at java.desktop/java.awt.EventDispatchThread.pumpOneEventForFilters(EventDispatchThread.java:203)
	at java.desktop/java.awt.EventDispatchThread.pumpEventsForFilter(EventDispatchThread.java:124)
	at java.desktop/java.awt.EventDispatchThread.pumpEventsForHierarchy(EventDispatchThread.java:113)
	at java.desktop/java.awt.EventDispatchThread.pumpEvents(EventDispatchThread.java:109)
	at java.desktop/java.awt.EventDispatchThread.pumpEvents(EventDispatchThread.java:101)
	at java.desktop/java.awt.EventDispatchThread.run(EventDispatchThread.java:90)
2021-12-16 07:58:50 INFO  ApacheHttpClient.getWebResourceAsStream(502) - responseCode = 200
2021-12-16 07:58:50 WARN  PluginUtil.getCurrentTask(78) - Error while retrieving the task key.
java.lang.StringIndexOutOfBoundsException: String index out of range: -1
	at java.base/java.lang.String.substring(String.java:1837)
	at com.homework.plugin.PluginUtil.getCurrentVirtualFile(PluginUtil.java:158)
	at com.homework.plugin.PluginUtil.getCurrentTask(PluginUtil.java:69)
	at com.homework.plugin.button.CorrectSolutionButton.actionPerformed(CorrectSolutionButton.java:59)
	at com.intellij.openapi.actionSystem.impl.ActionButton.actionPerformed(ActionButton.java:171)
	at com.intellij.openapi.actionSystem.impl.ActionButton.lambda$performAction$0(ActionButton.java:150)
	at com.intellij.openapi.actionSystem.ex.ActionUtil.performDumbAwareWithCallbacks(ActionUtil.java:261)
	at com.intellij.openapi.actionSystem.impl.ActionButton.performAction(ActionButton.java:150)
	at com.intellij.openapi.actionSystem.impl.ActionButton.processMouseEvent(ActionButton.java:427)
	at java.desktop/java.awt.Component.processEvent(Component.java:6417)
	at java.desktop/java.awt.Container.processEvent(Container.java:2263)
	at java.desktop/java.awt.Component.dispatchEventImpl(Component.java:5027)
	at java.desktop/java.awt.Container.dispatchEventImpl(Container.java:2321)
	at java.desktop/java.awt.Component.dispatchEvent(Component.java:4859)
	at java.desktop/java.awt.LightweightDispatcher.retargetMouseEvent(Container.java:4918)
	at java.desktop/java.awt.LightweightDispatcher.processMouseEvent(Container.java:4547)
	at java.desktop/java.awt.LightweightDispatcher.dispatchEvent(Container.java:4488)
	at java.desktop/java.awt.Container.dispatchEventImpl(Container.java:2307)
	at java.desktop/java.awt.Window.dispatchEventImpl(Window.java:2784)
	at java.desktop/java.awt.Component.dispatchEvent(Component.java:4859)
	at java.desktop/java.awt.EventQueue.dispatchEventImpl(EventQueue.java:778)
	at java.desktop/java.awt.EventQueue$4.run(EventQueue.java:727)
	at java.desktop/java.awt.EventQueue$4.run(EventQueue.java:721)
	at java.base/java.security.AccessController.doPrivileged(Native Method)
	at java.base/java.security.ProtectionDomain$JavaSecurityAccessImpl.doIntersectionPrivilege(ProtectionDomain.java:85)
	at java.base/java.security.ProtectionDomain$JavaSecurityAccessImpl.doIntersectionPrivilege(ProtectionDomain.java:95)
	at java.desktop/java.awt.EventQueue$5.run(EventQueue.java:751)
	at java.desktop/java.awt.EventQueue$5.run(EventQueue.java:749)
	at java.base/java.security.AccessController.doPrivileged(Native Method)
	at java.base/java.security.ProtectionDomain$JavaSecurityAccessImpl.doIntersectionPrivilege(ProtectionDomain.java:85)
	at java.desktop/java.awt.EventQueue.dispatchEvent(EventQueue.java:748)
	at com.intellij.ide.IdeEventQueue.defaultDispatchEvent(IdeEventQueue.java:886)
	at com.intellij.ide.IdeEventQueue.dispatchMouseEvent(IdeEventQueue.java:815)
	at com.intellij.ide.IdeEventQueue._dispatchEvent(IdeEventQueue.java:752)
	at com.intellij.ide.IdeEventQueue.lambda$dispatchEvent$7(IdeEventQueue.java:442)
	at com.intellij.openapi.progress.impl.CoreProgressManager.computePrioritized(CoreProgressManager.java:825)
	at com.intellij.ide.IdeEventQueue.lambda$dispatchEvent$8(IdeEventQueue.java:441)
	at com.intellij.openapi.application.impl.ApplicationImpl.runIntendedWriteActionOnCurrentThread(ApplicationImpl.java:794)
	at com.intellij.ide.IdeEventQueue.dispatchEvent(IdeEventQueue.java:493)
	at java.desktop/java.awt.EventDispatchThread.pumpOneEventForFilters(EventDispatchThread.java:203)
	at java.desktop/java.awt.EventDispatchThread.pumpEventsForFilter(EventDispatchThread.java:124)
	at java.desktop/java.awt.EventDispatchThread.pumpEventsForHierarchy(EventDispatchThread.java:113)
	at java.desktop/java.awt.EventDispatchThread.pumpEvents(EventDispatchThread.java:109)
	at java.desktop/java.awt.EventDispatchThread.pumpEvents(EventDispatchThread.java:101)
	at java.desktop/java.awt.EventDispatchThread.run(EventDispatchThread.java:90)
2021-12-16 07:58:50 ERROR CorrectSolutionButton.actionPerformed(79) - Error while getting task key for correct solution
java.lang.NullPointerException
	at java.base/java.io.File.<init>(File.java:278)
	at com.homework.plugin.button.CorrectSolutionButton.actionPerformed(CorrectSolutionButton.java:64)
	at com.intellij.openapi.actionSystem.impl.ActionButton.actionPerformed(ActionButton.java:171)
	at com.intellij.openapi.actionSystem.impl.ActionButton.lambda$performAction$0(ActionButton.java:150)
	at com.intellij.openapi.actionSystem.ex.ActionUtil.performDumbAwareWithCallbacks(ActionUtil.java:261)
	at com.intellij.openapi.actionSystem.impl.ActionButton.performAction(ActionButton.java:150)
	at com.intellij.openapi.actionSystem.impl.ActionButton.processMouseEvent(ActionButton.java:427)
	at java.desktop/java.awt.Component.processEvent(Component.java:6417)
	at java.desktop/java.awt.Container.processEvent(Container.java:2263)
	at java.desktop/java.awt.Component.dispatchEventImpl(Component.java:5027)
	at java.desktop/java.awt.Container.dispatchEventImpl(Container.java:2321)
	at java.desktop/java.awt.Component.dispatchEvent(Component.java:4859)
	at java.desktop/java.awt.LightweightDispatcher.retargetMouseEvent(Container.java:4918)
	at java.desktop/java.awt.LightweightDispatcher.processMouseEvent(Container.java:4547)
	at java.desktop/java.awt.LightweightDispatcher.dispatchEvent(Container.java:4488)
	at java.desktop/java.awt.Container.dispatchEventImpl(Container.java:2307)
	at java.desktop/java.awt.Window.dispatchEventImpl(Window.java:2784)
	at java.desktop/java.awt.Component.dispatchEvent(Component.java:4859)
	at java.desktop/java.awt.EventQueue.dispatchEventImpl(EventQueue.java:778)
	at java.desktop/java.awt.EventQueue$4.run(EventQueue.java:727)
	at java.desktop/java.awt.EventQueue$4.run(EventQueue.java:721)
	at java.base/java.security.AccessController.doPrivileged(Native Method)
	at java.base/java.security.ProtectionDomain$JavaSecurityAccessImpl.doIntersectionPrivilege(ProtectionDomain.java:85)
	at java.base/java.security.ProtectionDomain$JavaSecurityAccessImpl.doIntersectionPrivilege(ProtectionDomain.java:95)
	at java.desktop/java.awt.EventQueue$5.run(EventQueue.java:751)
	at java.desktop/java.awt.EventQueue$5.run(EventQueue.java:749)
	at java.base/java.security.AccessController.doPrivileged(Native Method)
	at java.base/java.security.ProtectionDomain$JavaSecurityAccessImpl.doIntersectionPrivilege(ProtectionDomain.java:85)
	at java.desktop/java.awt.EventQueue.dispatchEvent(EventQueue.java:748)
	at com.intellij.ide.IdeEventQueue.defaultDispatchEvent(IdeEventQueue.java:886)
	at com.intellij.ide.IdeEventQueue.dispatchMouseEvent(IdeEventQueue.java:815)
	at com.intellij.ide.IdeEventQueue._dispatchEvent(IdeEventQueue.java:752)
	at com.intellij.ide.IdeEventQueue.lambda$dispatchEvent$7(IdeEventQueue.java:442)
	at com.intellij.openapi.progress.impl.CoreProgressManager.computePrioritized(CoreProgressManager.java:825)
	at com.intellij.ide.IdeEventQueue.lambda$dispatchEvent$8(IdeEventQueue.java:441)
	at com.intellij.openapi.application.impl.ApplicationImpl.runIntendedWriteActionOnCurrentThread(ApplicationImpl.java:794)
	at com.intellij.ide.IdeEventQueue.dispatchEvent(IdeEventQueue.java:493)
	at java.desktop/java.awt.EventDispatchThread.pumpOneEventForFilters(EventDispatchThread.java:203)
	at java.desktop/java.awt.EventDispatchThread.pumpEventsForFilter(EventDispatchThread.java:124)
	at java.desktop/java.awt.EventDispatchThread.pumpEventsForHierarchy(EventDispatchThread.java:113)
	at java.desktop/java.awt.EventDispatchThread.pumpEvents(EventDispatchThread.java:109)
	at java.desktop/java.awt.EventDispatchThread.pumpEvents(EventDispatchThread.java:101)
	at java.desktop/java.awt.EventDispatchThread.run(EventDispatchThread.java:90)
2021-12-16 07:58:52 ERROR CorrectSolutionButton.actionPerformed(91) - Error while getting correct solution from server
java.lang.NullPointerException
	at com.homework.plugin.vf.HWDummyFileSystem.copyRecursively(HWDummyFileSystem.java:214)
	at com.homework.plugin.vf.HWDummyFileSystem.userVirtualFileToHWVirtualFile(HWDummyFileSystem.java:208)
	at com.homework.plugin.button.CorrectSolutionButton$ShowDiffAction.run(CorrectSolutionButton.java:115)
	at com.intellij.openapi.application.impl.ApplicationImpl.runWriteAction(ApplicationImpl.java:936)
	at com.homework.plugin.button.CorrectSolutionButton.actionPerformed(CorrectSolutionButton.java:86)
	at com.intellij.openapi.actionSystem.impl.ActionButton.actionPerformed(ActionButton.java:171)
	at com.intellij.openapi.actionSystem.impl.ActionButton.lambda$performAction$0(ActionButton.java:150)
	at com.intellij.openapi.actionSystem.ex.ActionUtil.performDumbAwareWithCallbacks(ActionUtil.java:261)
	at com.intellij.openapi.actionSystem.impl.ActionButton.performAction(ActionButton.java:150)
	at com.intellij.openapi.actionSystem.impl.ActionButton.processMouseEvent(ActionButton.java:427)
	at java.desktop/java.awt.Component.processEvent(Component.java:6417)
	at java.desktop/java.awt.Container.processEvent(Container.java:2263)
	at java.desktop/java.awt.Component.dispatchEventImpl(Component.java:5027)
	at java.desktop/java.awt.Container.dispatchEventImpl(Container.java:2321)
	at java.desktop/java.awt.Component.dispatchEvent(Component.java:4859)
	at java.desktop/java.awt.LightweightDispatcher.retargetMouseEvent(Container.java:4918)
	at java.desktop/java.awt.LightweightDispatcher.processMouseEvent(Container.java:4547)
	at java.desktop/java.awt.LightweightDispatcher.dispatchEvent(Container.java:4488)
	at java.desktop/java.awt.Container.dispatchEventImpl(Container.java:2307)
	at java.desktop/java.awt.Window.dispatchEventImpl(Window.java:2784)
	at java.desktop/java.awt.Component.dispatchEvent(Component.java:4859)
	at java.desktop/java.awt.EventQueue.dispatchEventImpl(EventQueue.java:778)
	at java.desktop/java.awt.EventQueue$4.run(EventQueue.java:727)
	at java.desktop/java.awt.EventQueue$4.run(EventQueue.java:721)
	at java.base/java.security.AccessController.doPrivileged(Native Method)
	at java.base/java.security.ProtectionDomain$JavaSecurityAccessImpl.doIntersectionPrivilege(ProtectionDomain.java:85)
	at java.base/java.security.ProtectionDomain$JavaSecurityAccessImpl.doIntersectionPrivilege(ProtectionDomain.java:95)
	at java.desktop/java.awt.EventQueue$5.run(EventQueue.java:751)
	at java.desktop/java.awt.EventQueue$5.run(EventQueue.java:749)
	at java.base/java.security.AccessController.doPrivileged(Native Method)
	at java.base/java.security.ProtectionDomain$JavaSecurityAccessImpl.doIntersectionPrivilege(ProtectionDomain.java:85)
	at java.desktop/java.awt.EventQueue.dispatchEvent(EventQueue.java:748)
	at com.intellij.ide.IdeEventQueue.defaultDispatchEvent(IdeEventQueue.java:886)
	at com.intellij.ide.IdeEventQueue.dispatchMouseEvent(IdeEventQueue.java:815)
	at com.intellij.ide.IdeEventQueue._dispatchEvent(IdeEventQueue.java:752)
	at com.intellij.ide.IdeEventQueue.lambda$dispatchEvent$7(IdeEventQueue.java:442)
	at com.intellij.openapi.progress.impl.CoreProgressManager.computePrioritized(CoreProgressManager.java:825)
	at com.intellij.ide.IdeEventQueue.lambda$dispatchEvent$8(IdeEventQueue.java:441)
	at com.intellij.openapi.application.impl.ApplicationImpl.runIntendedWriteActionOnCurrentThread(ApplicationImpl.java:794)
	at com.intellij.ide.IdeEventQueue.dispatchEvent(IdeEventQueue.java:493)
	at java.desktop/java.awt.EventDispatchThread.pumpOneEventForFilters(EventDispatchThread.java:203)
	at java.desktop/java.awt.EventDispatchThread.pumpEventsForFilter(EventDispatchThread.java:124)
	at java.desktop/java.awt.EventDispatchThread.pumpEventsForHierarchy(EventDispatchThread.java:113)
	at java.desktop/java.awt.EventDispatchThread.pumpEvents(EventDispatchThread.java:109)
	at java.desktop/java.awt.EventDispatchThread.pumpEvents(EventDispatchThread.java:101)
	at java.desktop/java.awt.EventDispatchThread.run(EventDispatchThread.java:90)
2021-12-16 07:58:56 INFO  ApacheHttpClient.getWebResourceAsStream(502) - responseCode = 200
2021-12-16 07:58:56 INFO  ApacheHttpClient.getFilteredTasks(336) - responseCode = 200
2021-12-16 07:59:01 INFO  ApacheHttpClient.getFilteredTasks(336) - responseCode = 200
2021-12-16 07:59:03 INFO  ApacheHttpClient.getFilteredTasks(336) - responseCode = 200
2021-12-16 07:59:06 INFO  ApacheHttpClient.getFilteredTasks(336) - responseCode = 200
2021-12-16 07:59:12 INFO  ApacheHttpClient.getFilteredTasks(336) - responseCode = 200
2021-12-16 07:59:14 INFO  ApacheHttpClient.getFilteredTasks(336) - responseCode = 200
2021-12-16 07:59:17 INFO  ApacheHttpClient.getFilteredTasks(336) - responseCode = 200
2021-12-16 07:59:19 INFO  ApacheHttpClient.getFilteredTasks(336) - responseCode = 200
2021-12-16 07:59:21 INFO  ApacheHttpClient.getFilteredTasks(336) - responseCode = 200
2021-12-16 07:59:22 INFO  ApacheHttpClient.getFilteredTasks(336) - responseCode = 200
2021-12-16 07:59:24 INFO  ApacheHttpClient.getFilteredTasks(336) - responseCode = 200
2021-12-16 07:59:25 INFO  ApacheHttpClient.getFilteredTasks(336) - responseCode = 200
2021-12-16 07:59:27 INFO  ApacheHttpClient.getFilteredTasks(336) - responseCode = 200
2021-12-16 07:59:28 INFO  ApacheHttpClient.getFilteredTasks(336) - responseCode = 200
2021-12-16 08:00:18 INFO  ProjectStartupHandler.projectClosing(155) - ---------- Project closed ----------

2021-12-16 08:00:18 INFO  PluginProjectService.dispose(41) - PluginProjectService for disposed.
2021-12-16 08:00:26 INFO  ApacheHttpClient.getWebResourceAsStream(502) - responseCode = 200
2021-12-16 08:01:10 INFO  ApacheHttpClient.getWebResourceAsStream(502) - responseCode = 200
2021-12-16 08:01:10 INFO  PluginProjectService.<init>(33) - PluginProjectService for JavaRushTasks initiated.
2021-12-16 08:01:10 INFO  ProjectStartupHandler.runActivity(74) - ---------- Project opened ----------
2021-12-16 08:01:10 INFO  ProjectStartupHandler.runActivity(74) - ---------- Project opened ----------
2021-12-16 08:01:10 INFO  ProjectStartupHandler.runActivity(75) - ---------- Version 3.55 ----------

2021-12-16 08:01:10 INFO  ProjectStartupHandler.runActivity(75) - ---------- Version 3.55 ----------

2021-12-16 08:01:10 INFO  ProjectStartupHandler.setAutoscrolls(346) - Autoscrolls successfully set
2021-12-16 08:01:10 INFO  ProjectStartupHandler.setAutoscrolls(346) - Autoscrolls successfully set
2021-12-16 08:01:10 INFO  ApacheHttpClient.isSessionAppropriateWithSecretKey(602) - Waiting for server response.
2021-12-16 08:01:10 INFO  ApacheHttpClient.isSessionAppropriateWithSecretKey(602) - Waiting for server response.
2021-12-16 08:01:11 INFO  ApacheHttpClient.refreshUserInfo(305) - responseCode = 200
2021-12-16 08:01:11 INFO  ApacheHttpClient.refreshUserInfo(305) - responseCode = 200
2021-12-16 08:01:11 INFO  ApacheHttpClient.refreshUserInfo(311) - User information received.
2021-12-16 08:01:11 INFO  ApacheHttpClient.refreshUserInfo(311) - User information received.
2021-12-16 08:01:11 INFO  ApacheHttpClient.startGA(36) - GAService started.
2021-12-16 08:01:11 INFO  ApacheHttpClient.startGA(36) - GAService started.
2021-12-16 08:01:15 INFO  ApacheHttpClient.getWebResourceAsStream(502) - responseCode = 200
2021-12-16 08:01:15 INFO  ApacheHttpClient.getWebResourceAsStream(502) - responseCode = 200
2021-12-16 08:01:16 INFO  ApacheHttpClient.getFilteredTasks(336) - responseCode = 200
2021-12-16 08:01:16 INFO  ApacheHttpClient.getFilteredTasks(336) - responseCode = 200
2021-12-16 08:05:13 INFO  ProjectStartupHandler.projectClosing(155) - ---------- Project closed ----------

2021-12-16 08:05:13 INFO  ProjectStartupHandler.projectClosing(155) - ---------- Project closed ----------

2021-12-16 08:05:13 INFO  PluginProjectService.dispose(41) - PluginProjectService for disposed.
2021-12-16 08:05:13 INFO  PluginProjectService.dispose(41) - PluginProjectService for disposed.
2021-12-16 08:05:27 INFO  ProjectStartupHandler.runActivity(74) - ---------- Project opened ----------
2021-12-16 08:05:27 INFO  ProjectStartupHandler.runActivity(75) - ---------- Version 3.55 ----------

2021-12-16 08:05:27 INFO  ApacheHttpClient.isSessionAppropriateWithSecretKey(602) - Waiting for server response.
2021-12-16 08:05:27 INFO  ApacheHttpClient.refreshUserInfo(305) - responseCode = 200
2021-12-16 08:05:27 INFO  ApacheHttpClient.refreshUserInfo(311) - User information received.
2021-12-16 08:05:27 INFO  ApacheHttpClient.startGA(36) - GAService started.
2021-12-16 08:07:32 INFO  ApacheHttpClient.getWebResourceAsStream(502) - responseCode = 200
2021-12-16 08:07:32 INFO  ApacheHttpClient.getFilteredTasks(336) - responseCode = 200
2021-12-16 08:08:00 INFO  ProjectStartupHandler.projectClosing(155) - ---------- Project closed ----------

2021-12-16 08:08:00 INFO  PluginProjectService.dispose(41) - PluginProjectService for disposed.
2021-12-16 08:08:40 INFO  ApacheHttpClient.getWebResourceAsStream(502) - responseCode = 200
2021-12-16 08:08:44 INFO  ApacheHttpClient.getWebResourceAsStream(502) - responseCode = 200
2021-12-16 08:08:57 INFO  PluginProjectService.<init>(33) - PluginProjectService for JavaRushTasks initiated.
2021-12-16 08:08:59 INFO  ApacheHttpClient.getWebResourceAsStream(502) - responseCode = 200
2021-12-16 08:08:59 INFO  ProjectStartupHandler.runActivity(74) - ---------- Project opened ----------
2021-12-16 08:08:59 INFO  ProjectStartupHandler.runActivity(74) - ---------- Project opened ----------
2021-12-16 08:08:59 INFO  ProjectStartupHandler.runActivity(75) - ---------- Version 3.55 ----------

2021-12-16 08:08:59 INFO  ProjectStartupHandler.runActivity(75) - ---------- Version 3.55 ----------

2021-12-16 08:08:59 INFO  ApacheHttpClient.isSessionAppropriateWithSecretKey(602) - Waiting for server response.
2021-12-16 08:08:59 INFO  ApacheHttpClient.isSessionAppropriateWithSecretKey(602) - Waiting for server response.
2021-12-16 08:08:59 INFO  ApacheHttpClient.refreshUserInfo(305) - responseCode = 200
2021-12-16 08:08:59 INFO  ApacheHttpClient.refreshUserInfo(305) - responseCode = 200
2021-12-16 08:08:59 INFO  ApacheHttpClient.refreshUserInfo(311) - User information received.
2021-12-16 08:08:59 INFO  ApacheHttpClient.refreshUserInfo(311) - User information received.
2021-12-16 08:08:59 INFO  ApacheHttpClient.startGA(36) - GAService started.
2021-12-16 08:08:59 INFO  ApacheHttpClient.startGA(36) - GAService started.
2021-12-16 08:09:45 INFO  ProjectStartupHandler.projectClosing(155) - ---------- Project closed ----------

2021-12-16 08:09:45 INFO  ProjectStartupHandler.projectClosing(155) - ---------- Project closed ----------

2021-12-16 08:09:45 INFO  PluginProjectService.dispose(41) - PluginProjectService for disposed.
2021-12-16 08:09:45 INFO  PluginProjectService.dispose(41) - PluginProjectService for disposed.
2021-12-16 08:09:47 INFO  PluginProjectService.<init>(33) - PluginProjectService for JavaRushTasks initiated.
2021-12-16 08:09:47 INFO  PluginProjectService.<init>(33) - PluginProjectService for JavaRushTasks initiated.
2021-12-16 08:09:48 INFO  ApacheHttpClient.getWebResourceAsStream(502) - responseCode = 200
2021-12-16 08:09:48 INFO  ApacheHttpClient.getWebResourceAsStream(502) - responseCode = 200
2021-12-16 08:09:48 INFO  ProjectStartupHandler.runActivity(74) - ---------- Project opened ----------
2021-12-16 08:09:48 INFO  ProjectStartupHandler.runActivity(74) - ---------- Project opened ----------
2021-12-16 08:09:48 INFO  ProjectStartupHandler.runActivity(74) - ---------- Project opened ----------
2021-12-16 08:09:48 INFO  ProjectStartupHandler.runActivity(75) - ---------- Version 3.55 ----------

2021-12-16 08:09:48 INFO  ProjectStartupHandler.runActivity(75) - ---------- Version 3.55 ----------

2021-12-16 08:09:48 INFO  ProjectStartupHandler.runActivity(75) - ---------- Version 3.55 ----------

2021-12-16 08:09:49 INFO  ApacheHttpClient.isSessionAppropriateWithSecretKey(602) - Waiting for server response.
2021-12-16 08:09:49 INFO  ApacheHttpClient.isSessionAppropriateWithSecretKey(602) - Waiting for server response.
2021-12-16 08:09:49 INFO  ApacheHttpClient.isSessionAppropriateWithSecretKey(602) - Waiting for server response.
2021-12-16 08:09:49 INFO  ApacheHttpClient.isSessionAppropriateWithSecretKey(602) - Waiting for server response.
2021-12-16 08:09:49 INFO  ApacheHttpClient.isSessionAppropriateWithSecretKey(602) - Waiting for server response.
2021-12-16 08:09:49 INFO  ApacheHttpClient.isSessionAppropriateWithSecretKey(602) - Waiting for server response.
2021-12-16 08:09:49 INFO  ApacheHttpClient.refreshUserInfo(305) - responseCode = 200
2021-12-16 08:09:49 INFO  ApacheHttpClient.refreshUserInfo(305) - responseCode = 200
2021-12-16 08:09:49 INFO  ApacheHttpClient.refreshUserInfo(305) - responseCode = 200
2021-12-16 08:09:49 INFO  ApacheHttpClient.refreshUserInfo(311) - User information received.
2021-12-16 08:09:49 INFO  ApacheHttpClient.refreshUserInfo(311) - User information received.
2021-12-16 08:09:49 INFO  ApacheHttpClient.refreshUserInfo(311) - User information received.
2021-12-16 08:09:49 INFO  ApacheHttpClient.startGA(36) - GAService started.
2021-12-16 08:09:49 INFO  ApacheHttpClient.startGA(36) - GAService started.
2021-12-16 08:09:49 INFO  ApacheHttpClient.startGA(36) - GAService started.
2021-12-16 08:10:24 INFO  ApacheHttpClient.getWebResourceAsStream(502) - responseCode = 200
2021-12-16 08:10:24 INFO  ApacheHttpClient.getWebResourceAsStream(502) - responseCode = 200
2021-12-16 08:10:24 INFO  ApacheHttpClient.getWebResourceAsStream(502) - responseCode = 200
2021-12-16 08:10:24 INFO  ApacheHttpClient.getFilteredTasks(336) - responseCode = 200
2021-12-16 08:10:24 INFO  ApacheHttpClient.getFilteredTasks(336) - responseCode = 200
2021-12-16 08:10:24 INFO  ApacheHttpClient.getFilteredTasks(336) - responseCode = 200
2021-12-16 08:10:25 INFO  ApacheHttpClient.getTaskTemplateInfo(353) - responseCode = 200
2021-12-16 08:10:25 INFO  ApacheHttpClient.getTaskTemplateInfo(353) - responseCode = 200
2021-12-16 08:10:25 INFO  ApacheHttpClient.getTaskTemplateInfo(353) - responseCode = 200
2021-12-16 08:10:26 INFO  TaskInfoSelectorMouseListener.createDirectoryRecursive(77) - File created :C:/Users/work/IdeaProjects/JavaRushTasks/2.JavaCore/src/com
2021-12-16 08:10:26 INFO  TaskInfoSelectorMouseListener.createDirectoryRecursive(77) - File created :C:/Users/work/IdeaProjects/JavaRushTasks/2.JavaCore/src/com
2021-12-16 08:10:26 INFO  TaskInfoSelectorMouseListener.createDirectoryRecursive(77) - File created :C:/Users/work/IdeaProjects/JavaRushTasks/2.JavaCore/src/com
2021-12-16 08:10:26 INFO  TaskInfoSelectorMouseListener.createDirectoryRecursive(77) - File created :C:/Users/work/IdeaProjects/JavaRushTasks/2.JavaCore/src/com/javarush
2021-12-16 08:10:26 INFO  TaskInfoSelectorMouseListener.createDirectoryRecursive(77) - File created :C:/Users/work/IdeaProjects/JavaRushTasks/2.JavaCore/src/com/javarush
2021-12-16 08:10:26 INFO  TaskInfoSelectorMouseListener.createDirectoryRecursive(77) - File created :C:/Users/work/IdeaProjects/JavaRushTasks/2.JavaCore/src/com/javarush
2021-12-16 08:10:26 INFO  TaskInfoSelectorMouseListener.createDirectoryRecursive(77) - File created :C:/Users/work/IdeaProjects/JavaRushTasks/2.JavaCore/src/com/javarush/task
2021-12-16 08:10:26 INFO  TaskInfoSelectorMouseListener.createDirectoryRecursive(77) - File created :C:/Users/work/IdeaProjects/JavaRushTasks/2.JavaCore/src/com/javarush/task
2021-12-16 08:10:26 INFO  TaskInfoSelectorMouseListener.createDirectoryRecursive(77) - File created :C:/Users/work/IdeaProjects/JavaRushTasks/2.JavaCore/src/com/javarush/task
2021-12-16 08:10:26 INFO  TaskInfoSelectorMouseListener.createDirectoryRecursive(77) - File created :C:/Users/work/IdeaProjects/JavaRushTasks/2.JavaCore/src/com/javarush/task/task15
2021-12-16 08:10:26 INFO  TaskInfoSelectorMouseListener.createDirectoryRecursive(77) - File created :C:/Users/work/IdeaProjects/JavaRushTasks/2.JavaCore/src/com/javarush/task/task15
2021-12-16 08:10:26 INFO  TaskInfoSelectorMouseListener.createDirectoryRecursive(77) - File created :C:/Users/work/IdeaProjects/JavaRushTasks/2.JavaCore/src/com/javarush/task/task15
2021-12-16 08:10:26 INFO  TaskInfoSelectorMouseListener.createDirectoryRecursive(77) - File created :C:/Users/work/IdeaProjects/JavaRushTasks/2.JavaCore/src/com/javarush/task/task15/task1527
2021-12-16 08:10:26 INFO  TaskInfoSelectorMouseListener.createDirectoryRecursive(77) - File created :C:/Users/work/IdeaProjects/JavaRushTasks/2.JavaCore/src/com/javarush/task/task15/task1527
2021-12-16 08:10:26 INFO  TaskInfoSelectorMouseListener.createDirectoryRecursive(77) - File created :C:/Users/work/IdeaProjects/JavaRushTasks/2.JavaCore/src/com/javarush/task/task15/task1527
2021-12-16 08:10:26 INFO  ApacheHttpClient.getTaskTemplateInfo(353) - responseCode = 200
2021-12-16 08:10:26 INFO  ApacheHttpClient.getTaskTemplateInfo(353) - responseCode = 200
2021-12-16 08:10:26 INFO  ApacheHttpClient.getTaskTemplateInfo(353) - responseCode = 200
2021-12-16 08:12:46 INFO  ProjectStartupHandler.projectClosing(155) - ---------- Project closed ----------

2021-12-16 08:12:46 INFO  ProjectStartupHandler.projectClosing(155) - ---------- Project closed ----------

2021-12-16 08:12:46 INFO  ProjectStartupHandler.projectClosing(155) - ---------- Project closed ----------

2021-12-16 08:12:46 INFO  ApacheHttpClient.getTask(488) - responseCode = 200
2021-12-16 08:12:46 INFO  ApacheHttpClient.getTask(488) - responseCode = 200
2021-12-16 08:12:46 INFO  ApacheHttpClient.getTask(488) - responseCode = 200
2021-12-16 08:12:46 INFO  PluginProjectService.dispose(41) - PluginProjectService for disposed.
2021-12-16 08:12:46 INFO  PluginProjectService.dispose(41) - PluginProjectService for disposed.
2021-12-16 08:12:46 INFO  PluginProjectService.dispose(41) - PluginProjectService for disposed.
2021-12-16 08:13:23 INFO  PluginProjectService.<init>(33) - PluginProjectService for JavaRushTasks initiated.
2021-12-16 08:13:23 INFO  PluginProjectService.<init>(33) - PluginProjectService for JavaRushTasks initiated.
2021-12-16 08:13:23 INFO  PluginProjectService.<init>(33) - PluginProjectService for JavaRushTasks initiated.
2021-12-16 08:13:24 INFO  ApacheHttpClient.getWebResourceAsStream(502) - responseCode = 200
2021-12-16 08:13:24 INFO  ApacheHttpClient.getWebResourceAsStream(502) - responseCode = 200
2021-12-16 08:13:24 INFO  ApacheHttpClient.getWebResourceAsStream(502) - responseCode = 200
2021-12-16 08:13:24 INFO  ProjectStartupHandler.runActivity(74) - ---------- Project opened ----------
2021-12-16 08:13:24 INFO  ProjectStartupHandler.runActivity(74) - ---------- Project opened ----------
2021-12-16 08:13:24 INFO  ProjectStartupHandler.runActivity(74) - ---------- Project opened ----------
2021-12-16 08:13:24 INFO  ProjectStartupHandler.runActivity(74) - ---------- Project opened ----------
2021-12-16 08:13:24 INFO  ProjectStartupHandler.runActivity(75) - ---------- Version 3.55 ----------

2021-12-16 08:13:24 INFO  ProjectStartupHandler.runActivity(75) - ---------- Version 3.55 ----------

2021-12-16 08:13:24 INFO  ProjectStartupHandler.runActivity(75) - ---------- Version 3.55 ----------

2021-12-16 08:13:24 INFO  ProjectStartupHandler.runActivity(75) - ---------- Version 3.55 ----------

2021-12-16 08:13:24 INFO  ApacheHttpClient.isSessionAppropriateWithSecretKey(602) - Waiting for server response.
2021-12-16 08:13:24 INFO  ApacheHttpClient.isSessionAppropriateWithSecretKey(602) - Waiting for server response.
2021-12-16 08:13:24 INFO  ApacheHttpClient.isSessionAppropriateWithSecretKey(602) - Waiting for server response.
2021-12-16 08:13:24 INFO  ApacheHttpClient.isSessionAppropriateWithSecretKey(602) - Waiting for server response.
2021-12-16 08:13:25 INFO  ApacheHttpClient.refreshUserInfo(305) - responseCode = 200
2021-12-16 08:13:25 INFO  ApacheHttpClient.refreshUserInfo(305) - responseCode = 200
2021-12-16 08:13:25 INFO  ApacheHttpClient.refreshUserInfo(305) - responseCode = 200
2021-12-16 08:13:25 INFO  ApacheHttpClient.refreshUserInfo(305) - responseCode = 200
2021-12-16 08:13:25 INFO  ApacheHttpClient.refreshUserInfo(311) - User information received.
2021-12-16 08:13:25 INFO  ApacheHttpClient.refreshUserInfo(311) - User information received.
2021-12-16 08:13:25 INFO  ApacheHttpClient.refreshUserInfo(311) - User information received.
2021-12-16 08:13:25 INFO  ApacheHttpClient.refreshUserInfo(311) - User information received.
2021-12-16 08:13:25 INFO  ApacheHttpClient.startGA(36) - GAService started.
2021-12-16 08:13:25 INFO  ApacheHttpClient.startGA(36) - GAService started.
2021-12-16 08:13:25 INFO  ApacheHttpClient.startGA(36) - GAService started.
2021-12-16 08:13:25 INFO  ApacheHttpClient.startGA(36) - GAService started.
2021-12-16 08:18:12 INFO  ApacheHttpClient.getWebResourceAsStream(502) - responseCode = 200
2021-12-16 08:18:12 INFO  ApacheHttpClient.getWebResourceAsStream(502) - responseCode = 200
2021-12-16 08:18:12 INFO  ApacheHttpClient.getWebResourceAsStream(502) - responseCode = 200
2021-12-16 08:18:12 INFO  ApacheHttpClient.getWebResourceAsStream(502) - responseCode = 200
2021-12-16 08:18:13 INFO  ApacheHttpClient.getFilteredTasks(336) - responseCode = 200
2021-12-16 08:18:13 INFO  ApacheHttpClient.getFilteredTasks(336) - responseCode = 200
2021-12-16 08:18:13 INFO  ApacheHttpClient.getFilteredTasks(336) - responseCode = 200
2021-12-16 08:18:13 INFO  ApacheHttpClient.getFilteredTasks(336) - responseCode = 200
2021-12-16 08:18:17 INFO  ApacheHttpClient.getFilteredTasks(336) - responseCode = 200
2021-12-16 08:18:17 INFO  ApacheHttpClient.getFilteredTasks(336) - responseCode = 200
2021-12-16 08:18:17 INFO  ApacheHttpClient.getFilteredTasks(336) - responseCode = 200
2021-12-16 08:18:17 INFO  ApacheHttpClient.getFilteredTasks(336) - responseCode = 200
2021-12-16 08:18:19 INFO  ApacheHttpClient.getFilteredTasks(336) - responseCode = 200
2021-12-16 08:18:19 INFO  ApacheHttpClient.getFilteredTasks(336) - responseCode = 200
2021-12-16 08:18:19 INFO  ApacheHttpClient.getFilteredTasks(336) - responseCode = 200
2021-12-16 08:18:19 INFO  ApacheHttpClient.getFilteredTasks(336) - responseCode = 200
2021-12-16 08:18:20 INFO  ApacheHttpClient.getFilteredTasks(336) - responseCode = 200
2021-12-16 08:18:20 INFO  ApacheHttpClient.getFilteredTasks(336) - responseCode = 200
2021-12-16 08:18:20 INFO  ApacheHttpClient.getFilteredTasks(336) - responseCode = 200
2021-12-16 08:18:20 INFO  ApacheHttpClient.getFilteredTasks(336) - responseCode = 200
2021-12-16 08:18:22 INFO  ApacheHttpClient.getFilteredTasks(336) - responseCode = 200
2021-12-16 08:18:22 INFO  ApacheHttpClient.getFilteredTasks(336) - responseCode = 200
2021-12-16 08:18:22 INFO  ApacheHttpClient.getFilteredTasks(336) - responseCode = 200
2021-12-16 08:18:22 INFO  ApacheHttpClient.getFilteredTasks(336) - responseCode = 200
2021-12-16 08:18:24 INFO  ApacheHttpClient.getFilteredTasks(336) - responseCode = 200
2021-12-16 08:18:24 INFO  ApacheHttpClient.getFilteredTasks(336) - responseCode = 200
2021-12-16 08:18:24 INFO  ApacheHttpClient.getFilteredTasks(336) - responseCode = 200
2021-12-16 08:18:24 INFO  ApacheHttpClient.getFilteredTasks(336) - responseCode = 200
2021-12-16 08:18:27 INFO  ApacheHttpClient.getFilteredTasks(336) - responseCode = 200
2021-12-16 08:18:27 INFO  ApacheHttpClient.getFilteredTasks(336) - responseCode = 200
2021-12-16 08:18:27 INFO  ApacheHttpClient.getFilteredTasks(336) - responseCode = 200
2021-12-16 08:18:27 INFO  ApacheHttpClient.getFilteredTasks(336) - responseCode = 200
2021-12-16 08:18:35 INFO  ApacheHttpClient.getTaskTemplateInfo(353) - responseCode = 200
2021-12-16 08:18:35 INFO  ApacheHttpClient.getTaskTemplateInfo(353) - responseCode = 200
2021-12-16 08:18:35 INFO  ApacheHttpClient.getTaskTemplateInfo(353) - responseCode = 200
2021-12-16 08:18:35 INFO  ApacheHttpClient.getTaskTemplateInfo(353) - responseCode = 200
2021-12-16 16:56:06 INFO  ProjectStartupHandler.runActivity(74) - ---------- Project opened ----------
2021-12-16 16:56:06 INFO  ProjectStartupHandler.runActivity(75) - ---------- Version 3.55 ----------

2021-12-16 16:56:06 INFO  ApacheHttpClient.isSessionAppropriateWithSecretKey(602) - Waiting for server response.
2021-12-16 16:56:06 INFO  ApacheHttpClient.refreshUserInfo(305) - responseCode = 200
2021-12-16 16:56:06 INFO  ApacheHttpClient.refreshUserInfo(311) - User information received.
2021-12-16 16:56:06 INFO  ApacheHttpClient.startGA(36) - GAService started.
2021-12-16 16:56:09 INFO  ApacheHttpClient.getWebResourceAsStream(502) - responseCode = 200
2021-12-16 16:56:09 INFO  ApacheHttpClient.getFilteredTasks(336) - responseCode = 200
2021-12-16 16:56:12 INFO  ApacheHttpClient.getFilteredTasks(336) - responseCode = 200
2021-12-16 16:56:17 INFO  ApacheHttpClient.getFilteredTasks(336) - responseCode = 200
2021-12-16 16:56:33 INFO  ApacheHttpClient.getFilteredTasks(336) - responseCode = 200
2021-12-16 16:56:36 INFO  ApacheHttpClient.getFilteredTasks(336) - responseCode = 200
2021-12-16 16:56:38 INFO  ApacheHttpClient.getFilteredTasks(336) - responseCode = 200
2021-12-16 16:56:41 INFO  ApacheHttpClient.getFilteredTasks(336) - responseCode = 200
2021-12-16 16:56:45 INFO  ApacheHttpClient.getFilteredTasks(336) - responseCode = 200
2021-12-16 17:18:28 INFO  ProjectStartupHandler.projectClosing(155) - ---------- Project closed ----------

2021-12-16 17:18:28 INFO  PluginProjectService.dispose(41) - PluginProjectService for disposed.
2021-12-20 09:32:55 INFO  ProjectStartupHandler.runActivity(74) - ---------- Project opened ----------
2021-12-20 09:32:55 INFO  ProjectStartupHandler.runActivity(75) - ---------- Version 3.55 ----------

2021-12-20 09:32:55 INFO  ApacheHttpClient.isSessionAppropriateWithSecretKey(602) - Waiting for server response.
2021-12-20 09:32:55 INFO  ApacheHttpClient.logout(633) - Waiting for server response.
2021-12-20 09:32:55 INFO  ApacheHttpClient.login(250) - Waiting for server response.
2021-12-20 09:32:55 INFO  ApacheHttpClient.login(254) - responseCode = 200
2021-12-20 09:32:55 INFO  ApacheHttpClient.login(277) - JSESSIONID OK
2021-12-20 09:32:55 INFO  ApacheHttpClient.refreshUserInfo(305) - responseCode = 200
2021-12-20 09:32:55 INFO  ApacheHttpClient.refreshUserInfo(311) - User information received.
2021-12-20 09:32:55 INFO  ApacheHttpClient.startGA(36) - GAService started.
2021-12-20 09:33:11 INFO  ApacheHttpClient.getWebResourceAsStream(502) - responseCode = 200
2021-12-20 09:33:13 INFO  ApacheHttpClient.getFilteredTasks(336) - responseCode = 200
2021-12-20 09:33:18 INFO  ApacheHttpClient.getFilteredTasks(336) - responseCode = 200
2021-12-20 09:33:21 INFO  ApacheHttpClient.getFilteredTasks(336) - responseCode = 200
2021-12-20 09:33:28 INFO  ApacheHttpClient.getFilteredTasks(336) - responseCode = 200
2021-12-20 09:33:30 INFO  ApacheHttpClient.getTaskTemplateInfo(353) - responseCode = 200
2021-12-20 09:36:20 INFO  ApacheHttpClient.getWebResourceAsStream(502) - responseCode = 200
2021-12-20 09:36:21 INFO  ApacheHttpClient.getTask(488) - responseCode = 200
2021-12-20 10:04:07 INFO  ApacheHttpClient.getWebResourceAsStream(502) - responseCode = 200
2021-12-20 10:04:07 INFO  ApacheHttpClient.getTask(488) - responseCode = 200
2021-12-20 10:04:09 INFO  ApacheHttpClient.completed(32) - responseCode = 200
2021-12-20 10:24:14 INFO  ApacheHttpClient.getWebResourceAsStream(502) - responseCode = 200
2021-12-20 10:24:14 INFO  ApacheHttpClient.getTask(488) - responseCode = 200
2021-12-20 10:24:16 INFO  ApacheHttpClient.completed(32) - responseCode = 200
2021-12-20 10:30:56 INFO  ApacheHttpClient.getWebResourceAsStream(502) - responseCode = 200
2021-12-20 10:30:56 INFO  ApacheHttpClient.getTask(488) - responseCode = 200
2021-12-20 10:30:58 INFO  ApacheHttpClient.completed(32) - responseCode = 200
2021-12-20 10:31:03 INFO  ApacheHttpClient.getWebResourceAsStream(502) - responseCode = 200
2021-12-20 10:31:03 INFO  ApacheHttpClient.getFilteredTasks(336) - responseCode = 200
2021-12-20 10:33:53 INFO  ApacheHttpClient.getWebResourceAsStream(502) - responseCode = 200
2021-12-20 10:33:53 INFO  ApacheHttpClient.getTask(488) - responseCode = 200
2021-12-20 10:33:55 INFO  ApacheHttpClient.completed(32) - responseCode = 200
2021-12-20 10:34:30 INFO  ApacheHttpClient.getWebResourceAsStream(502) - responseCode = 200
2021-12-20 10:34:31 INFO  ApacheHttpClient.getTask(488) - responseCode = 200
2021-12-20 10:34:32 INFO  ApacheHttpClient.completed(32) - responseCode = 200
2021-12-20 10:36:03 INFO  ApacheHttpClient.getWebResourceAsStream(502) - responseCode = 200
2021-12-20 10:36:04 INFO  ApacheHttpClient.getTask(488) - responseCode = 200
2021-12-20 10:36:05 INFO  ApacheHttpClient.completed(32) - responseCode = 200
2021-12-20 10:39:19 INFO  ApacheHttpClient.getWebResourceAsStream(502) - responseCode = 200
2021-12-20 10:39:19 INFO  ApacheHttpClient.getTask(488) - responseCode = 200
2021-12-20 10:39:22 INFO  ApacheHttpClient.completed(32) - responseCode = 200
2021-12-20 10:39:51 INFO  ApacheHttpClient.getWebResourceAsStream(502) - responseCode = 200
2021-12-20 10:39:51 INFO  ApacheHttpClient.getTask(488) - responseCode = 200
2021-12-20 10:39:53 INFO  ApacheHttpClient.completed(32) - responseCode = 200
2021-12-20 10:40:49 INFO  ApacheHttpClient.getWebResourceAsStream(502) - responseCode = 200
2021-12-20 10:40:49 INFO  ApacheHttpClient.getTask(488) - responseCode = 200
2021-12-20 10:40:52 INFO  ApacheHttpClient.completed(32) - responseCode = 200
2021-12-21 09:58:35 INFO  ApacheHttpClient.getTask(488) - responseCode = 200
2021-12-21 10:02:55 INFO  ApacheHttpClient.getWebResourceAsStream(502) - responseCode = 200
2021-12-21 10:02:55 INFO  ApacheHttpClient.getFilteredTasks(336) - responseCode = 200
2021-12-21 10:02:59 INFO  ApacheHttpClient.getFilteredTasks(336) - responseCode = 200
2021-12-21 10:03:10 INFO  ApacheHttpClient.getTaskTemplateInfo(353) - responseCode = 200
2021-12-21 10:03:26 INFO  ApacheHttpClient.getWebResourceAsStream(502) - responseCode = 200
2021-12-21 10:03:27 INFO  ApacheHttpClient.getFilteredTasks(336) - responseCode = 200
2021-12-22 12:59:04 INFO  ProjectStartupHandler.projectClosing(155) - ---------- Project closed ----------

2021-12-22 12:59:04 INFO  ApacheHttpClient.getTask(488) - responseCode = 200
2021-12-22 12:59:04 INFO  ApacheHttpClient.getTask(488) - responseCode = 200
2021-12-22 12:59:05 INFO  PluginProjectService.dispose(41) - PluginProjectService for disposed.
2022-01-10 14:42:36 INFO  ProjectStartupHandler.runActivity(74) - ---------- Project opened ----------
2022-01-10 14:42:36 INFO  ProjectStartupHandler.runActivity(75) - ---------- Version 3.55 ----------

2022-01-10 14:42:36 INFO  ApacheHttpClient.isSessionAppropriateWithSecretKey(602) - Waiting for server response.
2022-01-10 14:42:36 INFO  ApacheHttpClient.refreshUserInfo(305) - responseCode = 200
2022-01-10 14:42:36 INFO  ApacheHttpClient.refreshUserInfo(311) - User information received.
2022-01-10 14:42:36 INFO  ApacheHttpClient.startGA(36) - GAService started.
2022-01-10 15:40:01 INFO  ApacheHttpClient.getWebResourceAsStream(502) - responseCode = 200
2022-01-10 15:40:02 INFO  ApacheHttpClient.getTask(488) - responseCode = 200
2022-01-10 15:40:05 INFO  ApacheHttpClient.completed(32) - responseCode = 200
2022-01-10 15:40:09 INFO  ApacheHttpClient.getWebResourceAsStream(502) - responseCode = 200
2022-01-10 15:40:10 INFO  ApacheHttpClient.getFilteredTasks(336) - responseCode = 200
2022-01-10 15:40:15 INFO  ApacheHttpClient.getFilteredTasks(336) - responseCode = 200
2022-01-10 15:40:23 INFO  ApacheHttpClient.getFilteredTasks(336) - responseCode = 200
2022-01-10 15:40:24 INFO  ApacheHttpClient.getTaskTemplateInfo(353) - responseCode = 200
2022-01-10 15:40:24 INFO  TaskInfoSelectorMouseListener.createDirectoryRecursive(77) - File created :C:/Users/work/IdeaProjects/JavaRushTasks/2.JavaCore/src/com/javarush/task/task16
2022-01-10 15:40:24 INFO  TaskInfoSelectorMouseListener.createDirectoryRecursive(77) - File created :C:/Users/work/IdeaProjects/JavaRushTasks/2.JavaCore/src/com/javarush/task/task16/task1602
2022-01-10 15:40:27 INFO  ApacheHttpClient.getWebResourceAsStream(502) - responseCode = 200
2022-01-10 15:40:28 INFO  ApacheHttpClient.getFilteredTasks(336) - responseCode = 200
2022-01-10 22:00:48 INFO  ProjectStartupHandler.projectClosing(155) - ---------- Project closed ----------

2022-01-10 22:00:49 INFO  ApacheHttpClient.getTask(488) - responseCode = 200
2022-01-10 22:00:49 INFO  PluginProjectService.dispose(41) - PluginProjectService for disposed.
2022-02-01 10:19:54 INFO  ProjectStartupHandler.runActivity(74) - ---------- Project opened ----------
2022-02-01 10:19:54 INFO  ProjectStartupHandler.runActivity(75) - ---------- Version 3.55 ----------

2022-02-01 10:19:54 INFO  ApacheHttpClient.isSessionAppropriateWithSecretKey(602) - Waiting for server response.
2022-02-01 10:19:55 INFO  ApacheHttpClient.refreshUserInfo(305) - responseCode = 200
2022-02-01 10:19:55 INFO  ApacheHttpClient.refreshUserInfo(311) - User information received.
2022-02-01 10:19:55 INFO  ApacheHttpClient.startGA(36) - GAService started.
2022-02-01 10:20:33 INFO  ProjectStartupHandler.projectClosing(155) - ---------- Project closed ----------

2022-02-01 10:20:34 INFO  PluginProjectService.dispose(41) - PluginProjectService for disposed.
2022-02-03 15:59:21 INFO  ProjectStartupHandler.runActivity(74) - ---------- Project opened ----------
2022-02-03 15:59:21 INFO  ProjectStartupHandler.runActivity(75) - ---------- Version 3.55 ----------

2022-02-03 15:59:22 INFO  ApacheHttpClient.isSessionAppropriateWithSecretKey(602) - Waiting for server response.
2022-02-03 15:59:22 INFO  ApacheHttpClient.refreshUserInfo(305) - responseCode = 200
2022-02-03 15:59:22 INFO  ApacheHttpClient.refreshUserInfo(311) - User information received.
2022-02-03 15:59:22 INFO  ApacheHttpClient.startGA(36) - GAService started.
2022-02-03 17:49:22 INFO  ProjectStartupHandler.projectClosing(155) - ---------- Project closed ----------

2022-02-03 17:49:23 INFO  ApacheHttpClient.getTask(488) - responseCode = 200
2022-02-03 17:49:23 INFO  ApacheHttpClient.getTask(488) - responseCode = 200
2022-02-03 17:49:24 INFO  ApacheHttpClient.getTask(488) - responseCode = 200
2022-02-03 17:49:24 INFO  ApacheHttpClient.getTask(488) - responseCode = 200
2022-02-03 17:49:25 INFO  PluginProjectService.dispose(41) - PluginProjectService for disposed.
2022-02-16 08:13:59 INFO  ProjectStartupHandler.runActivity(74) - ---------- Project opened ----------
2022-02-16 08:13:59 INFO  ProjectStartupHandler.runActivity(75) - ---------- Version 3.55 ----------

2022-02-16 08:14:00 INFO  ApacheHttpClient.isSessionAppropriateWithSecretKey(602) - Waiting for server response.
2022-02-16 08:14:00 INFO  ApacheHttpClient.refreshUserInfo(305) - responseCode = 200
2022-02-16 08:14:00 INFO  ApacheHttpClient.refreshUserInfo(311) - User information received.
2022-02-16 08:14:00 INFO  ApacheHttpClient.startGA(36) - GAService started.
2022-02-16 08:14:30 INFO  ApacheHttpClient.getWebResourceAsStream(502) - responseCode = 200
2022-02-16 08:14:33 INFO  ApacheHttpClient.getTask(488) - responseCode = 200
2022-02-16 08:14:34 INFO  ApacheHttpClient.completed(32) - responseCode = 400
2022-02-16 08:14:34 WARN  TaskCompleted.run(74) - You already completed this task: "My second thread"
com.homework.plugin.analytics.PluginWarningException: warning
	at com.homework.plugin.callback.TaskCompleted.run(TaskCompleted.java:74)
	at com.intellij.openapi.application.TransactionGuardImpl.runWithWritingAllowed(TransactionGuardImpl.java:214)
	at com.intellij.openapi.application.TransactionGuardImpl.access$200(TransactionGuardImpl.java:21)
	at com.intellij.openapi.application.TransactionGuardImpl$2.run(TransactionGuardImpl.java:196)
	at com.intellij.openapi.application.impl.ApplicationImpl.runIntendedWriteActionOnCurrentThread(ApplicationImpl.java:794)
	at com.intellij.openapi.application.impl.ApplicationImpl.lambda$invokeLater$4(ApplicationImpl.java:350)
	at com.intellij.openapi.application.impl.FlushQueue.doRun(FlushQueue.java:84)
	at com.intellij.openapi.application.impl.FlushQueue.runNextEvent(FlushQueue.java:133)
	at com.intellij.openapi.application.impl.FlushQueue.flushNow(FlushQueue.java:46)
	at com.intellij.openapi.application.impl.FlushQueue$FlushNow.run(FlushQueue.java:189)
	at java.desktop/java.awt.event.InvocationEvent.dispatch(InvocationEvent.java:313)
	at java.desktop/java.awt.EventQueue.dispatchEventImpl(EventQueue.java:776)
	at java.desktop/java.awt.EventQueue$4.run(EventQueue.java:727)
	at java.desktop/java.awt.EventQueue$4.run(EventQueue.java:721)
	at java.base/java.security.AccessController.doPrivileged(Native Method)
	at java.base/java.security.ProtectionDomain$JavaSecurityAccessImpl.doIntersectionPrivilege(ProtectionDomain.java:85)
	at java.desktop/java.awt.EventQueue.dispatchEvent(EventQueue.java:746)
	at com.intellij.ide.IdeEventQueue.defaultDispatchEvent(IdeEventQueue.java:886)
	at com.intellij.ide.IdeEventQueue._dispatchEvent(IdeEventQueue.java:755)
	at com.intellij.ide.IdeEventQueue.lambda$dispatchEvent$7(IdeEventQueue.java:442)
	at com.intellij.openapi.progress.impl.CoreProgressManager.computePrioritized(CoreProgressManager.java:825)
	at com.intellij.ide.IdeEventQueue.lambda$dispatchEvent$8(IdeEventQueue.java:441)
	at com.intellij.openapi.application.impl.ApplicationImpl.runIntendedWriteActionOnCurrentThread(ApplicationImpl.java:794)
	at com.intellij.ide.IdeEventQueue.dispatchEvent(IdeEventQueue.java:487)
	at java.desktop/java.awt.EventDispatchThread.pumpOneEventForFilters(EventDispatchThread.java:203)
	at java.desktop/java.awt.EventDispatchThread.pumpEventsForFilter(EventDispatchThread.java:124)
	at java.desktop/java.awt.EventDispatchThread.pumpEventsForHierarchy(EventDispatchThread.java:113)
	at java.desktop/java.awt.EventDispatchThread.pumpEvents(EventDispatchThread.java:109)
	at java.desktop/java.awt.EventDispatchThread.pumpEvents(EventDispatchThread.java:101)
	at java.desktop/java.awt.EventDispatchThread.run(EventDispatchThread.java:90)
2022-02-16 08:14:36 INFO  ApacheHttpClient.getWebResourceAsStream(502) - responseCode = 200
2022-02-16 08:14:45 INFO  ApacheHttpClient.getWebResourceAsStream(502) - responseCode = 200
2022-02-16 08:14:50 INFO  ProjectStartupHandler.projectClosing(155) - ---------- Project closed ----------

2022-02-16 08:14:50 INFO  ApacheHttpClient.getTask(488) - responseCode = 200
2022-02-16 08:14:50 INFO  PluginProjectService.dispose(41) - PluginProjectService for disposed.
2022-02-16 08:15:05 INFO  ProjectStartupHandler.runActivity(74) - ---------- Project opened ----------
2022-02-16 08:15:05 INFO  ProjectStartupHandler.runActivity(75) - ---------- Version 3.56 ----------

2022-02-16 08:15:05 INFO  ApacheHttpClient.isSessionAppropriateWithSecretKey(602) - Waiting for server response.
2022-02-16 08:15:05 INFO  ApacheHttpClient.refreshUserInfo(305) - responseCode = 200
2022-02-16 08:15:05 INFO  ApacheHttpClient.refreshUserInfo(311) - User information received.
2022-02-16 08:15:05 INFO  ApacheHttpClient.startGA(36) - GAService started.
2022-02-16 08:15:13 INFO  ApacheHttpClient.getWebResourceAsStream(502) - responseCode = 200
2022-02-16 08:15:14 INFO  ApacheHttpClient.getFilteredTasks(336) - responseCode = 200
2022-02-16 08:29:29 INFO  ApacheHttpClient.getTaskTemplateInfo(353) - responseCode = 200
2022-02-16 08:29:29 INFO  TaskInfoSelectorMouseListener.createDirectoryRecursive(77) - File created :C:/Users/work/IdeaProjects/JavaRushTasks/2.JavaCore/src/com/javarush/task/task16/task1601
2022-02-16 08:30:10 INFO  ApacheHttpClient.getWebResourceAsStream(502) - responseCode = 200
2022-02-16 08:30:11 INFO  ApacheHttpClient.getFilteredTasks(336) - responseCode = 200
2022-02-16 08:30:19 INFO  ApacheHttpClient.getFilteredTasks(336) - responseCode = 200
2022-02-16 08:46:08 INFO  ApacheHttpClient.getWebResourceAsStream(502) - responseCode = 200
2022-02-16 08:46:08 INFO  ApacheHttpClient.getTask(488) - responseCode = 200
2022-02-16 08:46:09 INFO  ApacheHttpClient.completed(32) - responseCode = 400
2022-02-16 08:46:09 WARN  TaskCompleted.run(74) - You already completed this task: "My first thread"
com.homework.plugin.analytics.PluginWarningException: warning
	at com.homework.plugin.callback.TaskCompleted.run(TaskCompleted.java:74)
	at com.intellij.openapi.application.TransactionGuardImpl.runWithWritingAllowed(TransactionGuardImpl.java:214)
	at com.intellij.openapi.application.TransactionGuardImpl.access$200(TransactionGuardImpl.java:21)
	at com.intellij.openapi.application.TransactionGuardImpl$2.run(TransactionGuardImpl.java:196)
	at com.intellij.openapi.application.impl.ApplicationImpl.runIntendedWriteActionOnCurrentThread(ApplicationImpl.java:794)
	at com.intellij.openapi.application.impl.ApplicationImpl.lambda$invokeLater$4(ApplicationImpl.java:350)
	at com.intellij.openapi.application.impl.FlushQueue.doRun(FlushQueue.java:84)
	at com.intellij.openapi.application.impl.FlushQueue.runNextEvent(FlushQueue.java:133)
	at com.intellij.openapi.application.impl.FlushQueue.flushNow(FlushQueue.java:46)
	at com.intellij.openapi.application.impl.FlushQueue$FlushNow.run(FlushQueue.java:189)
	at java.desktop/java.awt.event.InvocationEvent.dispatch(InvocationEvent.java:313)
	at java.desktop/java.awt.EventQueue.dispatchEventImpl(EventQueue.java:776)
	at java.desktop/java.awt.EventQueue$4.run(EventQueue.java:727)
	at java.desktop/java.awt.EventQueue$4.run(EventQueue.java:721)
	at java.base/java.security.AccessController.doPrivileged(Native Method)
	at java.base/java.security.ProtectionDomain$JavaSecurityAccessImpl.doIntersectionPrivilege(ProtectionDomain.java:85)
	at java.desktop/java.awt.EventQueue.dispatchEvent(EventQueue.java:746)
	at com.intellij.ide.IdeEventQueue.defaultDispatchEvent(IdeEventQueue.java:886)
	at com.intellij.ide.IdeEventQueue._dispatchEvent(IdeEventQueue.java:755)
	at com.intellij.ide.IdeEventQueue.lambda$dispatchEvent$7(IdeEventQueue.java:442)
	at com.intellij.openapi.progress.impl.CoreProgressManager.computePrioritized(CoreProgressManager.java:825)
	at com.intellij.ide.IdeEventQueue.lambda$dispatchEvent$8(IdeEventQueue.java:441)
	at com.intellij.openapi.application.impl.ApplicationImpl.runIntendedWriteActionOnCurrentThread(ApplicationImpl.java:794)
	at com.intellij.ide.IdeEventQueue.dispatchEvent(IdeEventQueue.java:487)
	at java.desktop/java.awt.EventDispatchThread.pumpOneEventForFilters(EventDispatchThread.java:203)
	at java.desktop/java.awt.EventDispatchThread.pumpEventsForFilter(EventDispatchThread.java:124)
	at java.desktop/java.awt.EventDispatchThread.pumpEventsForHierarchy(EventDispatchThread.java:113)
	at java.desktop/java.awt.EventDispatchThread.pumpEvents(EventDispatchThread.java:109)
	at java.desktop/java.awt.EventDispatchThread.pumpEvents(EventDispatchThread.java:101)
	at java.desktop/java.awt.EventDispatchThread.run(EventDispatchThread.java:90)
2022-02-16 08:46:27 INFO  ApacheHttpClient.getWebResourceAsStream(502) - responseCode = 200
2022-02-16 08:46:27 INFO  ApacheHttpClient.completed(32) - responseCode = 400
2022-02-16 08:46:27 INFO  ApacheHttpClient.getTask(488) - responseCode = 200
2022-02-16 08:46:27 WARN  TaskCompleted.run(74) - You already completed this task: "My second thread"
com.homework.plugin.analytics.PluginWarningException: warning
	at com.homework.plugin.callback.TaskCompleted.run(TaskCompleted.java:74)
	at com.intellij.openapi.application.TransactionGuardImpl.runWithWritingAllowed(TransactionGuardImpl.java:214)
	at com.intellij.openapi.application.TransactionGuardImpl.access$200(TransactionGuardImpl.java:21)
	at com.intellij.openapi.application.TransactionGuardImpl$2.run(TransactionGuardImpl.java:196)
	at com.intellij.openapi.application.impl.ApplicationImpl.runIntendedWriteActionOnCurrentThread(ApplicationImpl.java:794)
	at com.intellij.openapi.application.impl.ApplicationImpl.lambda$invokeLater$4(ApplicationImpl.java:350)
	at com.intellij.openapi.application.impl.FlushQueue.doRun(FlushQueue.java:84)
	at com.intellij.openapi.application.impl.FlushQueue.runNextEvent(FlushQueue.java:133)
	at com.intellij.openapi.application.impl.FlushQueue.flushNow(FlushQueue.java:46)
	at com.intellij.openapi.application.impl.FlushQueue$FlushNow.run(FlushQueue.java:189)
	at java.desktop/java.awt.event.InvocationEvent.dispatch(InvocationEvent.java:313)
	at java.desktop/java.awt.EventQueue.dispatchEventImpl(EventQueue.java:776)
	at java.desktop/java.awt.EventQueue$4.run(EventQueue.java:727)
	at java.desktop/java.awt.EventQueue$4.run(EventQueue.java:721)
	at java.base/java.security.AccessController.doPrivileged(Native Method)
	at java.base/java.security.ProtectionDomain$JavaSecurityAccessImpl.doIntersectionPrivilege(ProtectionDomain.java:85)
	at java.desktop/java.awt.EventQueue.dispatchEvent(EventQueue.java:746)
	at com.intellij.ide.IdeEventQueue.defaultDispatchEvent(IdeEventQueue.java:886)
	at com.intellij.ide.IdeEventQueue._dispatchEvent(IdeEventQueue.java:755)
	at com.intellij.ide.IdeEventQueue.lambda$dispatchEvent$7(IdeEventQueue.java:442)
	at com.intellij.openapi.progress.impl.CoreProgressManager.computePrioritized(CoreProgressManager.java:825)
	at com.intellij.ide.IdeEventQueue.lambda$dispatchEvent$8(IdeEventQueue.java:441)
	at com.intellij.openapi.application.impl.ApplicationImpl.runIntendedWriteActionOnCurrentThread(ApplicationImpl.java:794)
	at com.intellij.ide.IdeEventQueue.dispatchEvent(IdeEventQueue.java:487)
	at java.desktop/java.awt.EventDispatchThread.pumpOneEventForFilters(EventDispatchThread.java:203)
	at java.desktop/java.awt.EventDispatchThread.pumpEventsForFilter(EventDispatchThread.java:124)
	at java.desktop/java.awt.EventDispatchThread.pumpEventsForHierarchy(EventDispatchThread.java:113)
	at java.desktop/java.awt.EventDispatchThread.pumpEvents(EventDispatchThread.java:109)
	at java.desktop/java.awt.EventDispatchThread.pumpEvents(EventDispatchThread.java:101)
	at java.desktop/java.awt.EventDispatchThread.run(EventDispatchThread.java:90)
